[debug] [2018-10-25T07:13:02.433Z] ----------------------------------------------------------------------
[debug] [2018-10-25T07:13:02.437Z] Command:       /usr/local/bin/node /usr/local/bin/firebase deploy --debug
[debug] [2018-10-25T07:13:02.437Z] CLI Version:   3.19.3
[debug] [2018-10-25T07:13:02.438Z] Platform:      darwin
[debug] [2018-10-25T07:13:02.438Z] Node Version:  v10.7.0
[debug] [2018-10-25T07:13:02.439Z] Time:          Thu Oct 25 2018 10:13:02 GMT+0300 (Eastern European Summer Time)
[debug] [2018-10-25T07:13:02.439Z] ----------------------------------------------------------------------
[debug] 
[debug] [2018-10-25T07:13:02.450Z] > command requires scopes: ["email","openid","https://www.googleapis.com/auth/cloudplatformprojects.readonly","https://www.googleapis.com/auth/firebase","https://www.googleapis.com/auth/cloud-platform"]
[debug] [2018-10-25T07:13:02.450Z] > authorizing via signed-in user
[debug] [2018-10-25T07:13:02.452Z] > refreshing access token with scopes: ["email","https://www.googleapis.com/auth/cloud-platform","https://www.googleapis.com/auth/cloudplatformprojects.readonly","https://www.googleapis.com/auth/firebase","openid"]
[debug] [2018-10-25T07:13:02.453Z] >>> HTTP REQUEST POST https://www.googleapis.com/oauth2/v3/token  
 { refresh_token: '1/ePyjqv1CxQPdJtBfyLPD8gpgj0Cf48UqrqKPUMrz7vs',
  client_id:
   '563584335869-fgrhgmd47bqnekij5i8b5pr03ho849e6.apps.googleusercontent.com',
  client_secret: 'j9iVZfS8kkCEFUPaAeJV0sAi',
  grant_type: 'refresh_token',
  scope:
   'email https://www.googleapis.com/auth/cloud-platform https://www.googleapis.com/auth/cloudplatformprojects.readonly https://www.googleapis.com/auth/firebase openid' } 
 Thu Oct 25 2018 10:13:02 GMT+0300 (Eastern European Summer Time)
[debug] [2018-10-25T07:13:02.781Z] <<< HTTP RESPONSE 200
[debug] [2018-10-25T07:13:02.826Z] >>> HTTP REQUEST GET https://admin.firebase.com/v1/projects/share-fi-2018  
  
 Thu Oct 25 2018 10:13:02 GMT+0300 (Eastern European Summer Time)
[debug] [2018-10-25T07:13:03.733Z] <<< HTTP RESPONSE 200
[debug] [2018-10-25T07:13:03.734Z] >>> HTTP REQUEST GET https://admin.firebase.com/v1/database/share-fi-2018/tokens  
  
 Thu Oct 25 2018 10:13:03 GMT+0300 (Eastern European Summer Time)
[debug] [2018-10-25T07:13:04.363Z] <<< HTTP RESPONSE 200
[info] 
[info] === Deploying to 'share-fi-2018'...
[info] 
[info] i  deploying hosting
[info] i  hosting: preparing public directory for upload...
[debug] [2018-10-25T07:13:06.837Z] >>> HTTP REQUEST PUT https://deploy.firebase.com/v1/hosting/share-fi-2018/uploads/-LPe3RvC1SDPbK8QcDAX?fileCount=880&message=  
  
 Thu Oct 25 2018 10:13:06 GMT+0300 (Eastern European Summer Time)
[debug] [2018-10-25T07:13:11.474Z] <<< HTTP RESPONSE 410
[debug] [2018-10-25T07:13:11.474Z] <<< HTTP RESPONSE BODY undefined
[error] 
[error] Error: HTTP Error: 410, Unknown Error
[debug] [2018-10-25T07:13:12.064Z] Error Context: {
  "body": {
    "error": {
      "message": "Unknown Error"
    }
  },
  "response": {
    "statusCode": 410,
    "headers": {
      "server": "nginx",
      "date": "Thu, 25 Oct 2018 07:13:11 GMT",
      "content-type": "application/json; charset=utf-8",
      "content-length": "240",
      "connection": "close",
      "access-control-allow-origin": "*",
      "access-control-allow-methods": "GET, PUT, POST, DELETE, OPTIONS",
      "strict-transport-security": "max-age=31556926; includeSubDomains; preload"
    },
    "request": {
      "uri": {
        "protocol": "https:",
        "slashes": true,
        "auth": null,
        "host": "deploy.firebase.com",
        "port": 443,
        "hostname": "deploy.firebase.com",
        "hash": null,
        "search": "?fileCount=880&message=",
        "query": "fileCount=880&message=",
        "pathname": "/v1/hosting/share-fi-2018/uploads/-LPe3RvC1SDPbK8QcDAX",
        "path": "/v1/hosting/share-fi-2018/uploads/-LPe3RvC1SDPbK8QcDAX?fileCount=880&message=",
        "href": "https://deploy.firebase.com/v1/hosting/share-fi-2018/uploads/-LPe3RvC1SDPbK8QcDAX?fileCount=880&message="
      },
      "method": "PUT"
    }
  }
}
